<?xml version="1.0" encoding="UTF-8"?>
<testsuite xmlns:xsi="http://www.w3.org/2001/XMLSchema-instance" xsi:noNamespaceSchemaLocation="https://maven.apache.org/surefire/maven-surefire-plugin/xsd/surefire-test-report.xsd" name="ru.yandex.sprint_3.TestCreateAndDeleteCourier" time="10.351" tests="2" errors="0" skipped="0" failures="0">
  <properties>
    <property name="java.specification.version" value="17"/>
    <property name="sun.jnu.encoding" value="UTF-8"/>
    <property name="java.class.path" value="/home/larisa/my_java/third_project/target/test-classes:/home/larisa/my_java/third_project/target/classes:/home/larisa/.m2/repository/junit/junit/4.13.2/junit-4.13.2.jar:/home/larisa/.m2/repository/org/hamcrest/hamcrest-core/1.3/hamcrest-core-1.3.jar:/home/larisa/.m2/repository/io/rest-assured/rest-assured/5.1.1/rest-assured-5.1.1.jar:/home/larisa/.m2/repository/org/apache/groovy/groovy/4.0.1/groovy-4.0.1.jar:/home/larisa/.m2/repository/org/apache/groovy/groovy-xml/4.0.1/groovy-xml-4.0.1.jar:/home/larisa/.m2/repository/org/apache/httpcomponents/httpclient/4.5.13/httpclient-4.5.13.jar:/home/larisa/.m2/repository/org/apache/httpcomponents/httpcore/4.4.13/httpcore-4.4.13.jar:/home/larisa/.m2/repository/commons-logging/commons-logging/1.2/commons-logging-1.2.jar:/home/larisa/.m2/repository/commons-codec/commons-codec/1.11/commons-codec-1.11.jar:/home/larisa/.m2/repository/org/apache/httpcomponents/httpmime/4.5.13/httpmime-4.5.13.jar:/home/larisa/.m2/repository/org/hamcrest/hamcrest/2.1/hamcrest-2.1.jar:/home/larisa/.m2/repository/org/ccil/cowan/tagsoup/tagsoup/1.2.1/tagsoup-1.2.1.jar:/home/larisa/.m2/repository/io/rest-assured/json-path/5.1.1/json-path-5.1.1.jar:/home/larisa/.m2/repository/org/apache/groovy/groovy-json/4.0.1/groovy-json-4.0.1.jar:/home/larisa/.m2/repository/io/rest-assured/rest-assured-common/5.1.1/rest-assured-common-5.1.1.jar:/home/larisa/.m2/repository/io/rest-assured/xml-path/5.1.1/xml-path-5.1.1.jar:/home/larisa/.m2/repository/org/apache/commons/commons-lang3/3.11/commons-lang3-3.11.jar:/home/larisa/.m2/repository/com/google/code/gson/gson/2.9.0/gson-2.9.0.jar:/home/larisa/.m2/repository/io/qameta/allure/allure-junit4/2.18.1/allure-junit4-2.18.1.jar:/home/larisa/.m2/repository/io/qameta/allure/allure-java-commons/2.18.1/allure-java-commons-2.18.1.jar:/home/larisa/.m2/repository/org/slf4j/slf4j-api/1.7.30/slf4j-api-1.7.30.jar:/home/larisa/.m2/repository/io/qameta/allure/allure-model/2.18.1/allure-model-2.18.1.jar:/home/larisa/.m2/repository/io/qameta/allure/allure-rest-assured/2.18.1/allure-rest-assured-2.18.1.jar:/home/larisa/.m2/repository/io/qameta/allure/allure-attachments/2.18.1/allure-attachments-2.18.1.jar:/home/larisa/.m2/repository/org/freemarker/freemarker/2.3.31/freemarker-2.3.31.jar:"/>
    <property name="java.vm.vendor" value="Amazon.com Inc."/>
    <property name="sun.arch.data.model" value="64"/>
    <property name="java.vendor.url" value="https://aws.amazon.com/corretto/"/>
    <property name="os.name" value="Linux"/>
    <property name="java.vm.specification.version" value="17"/>
    <property name="sun.java.launcher" value="SUN_STANDARD"/>
    <property name="user.country" value="RU"/>
    <property name="sun.boot.library.path" value="/home/larisa/.jdks/corretto-17.0.2/lib"/>
    <property name="sun.java.command" value="/home/larisa/my_java/third_project/target/surefire/surefirebooter3256271112768820814.jar /home/larisa/my_java/third_project/target/surefire 2022-07-16T21-09-59_901-jvmRun1 surefire10729664383608095487tmp surefire_017957375638784267029tmp"/>
    <property name="jdk.debug" value="release"/>
    <property name="surefire.test.class.path" value="/home/larisa/my_java/third_project/target/test-classes:/home/larisa/my_java/third_project/target/classes:/home/larisa/.m2/repository/junit/junit/4.13.2/junit-4.13.2.jar:/home/larisa/.m2/repository/org/hamcrest/hamcrest-core/1.3/hamcrest-core-1.3.jar:/home/larisa/.m2/repository/io/rest-assured/rest-assured/5.1.1/rest-assured-5.1.1.jar:/home/larisa/.m2/repository/org/apache/groovy/groovy/4.0.1/groovy-4.0.1.jar:/home/larisa/.m2/repository/org/apache/groovy/groovy-xml/4.0.1/groovy-xml-4.0.1.jar:/home/larisa/.m2/repository/org/apache/httpcomponents/httpclient/4.5.13/httpclient-4.5.13.jar:/home/larisa/.m2/repository/org/apache/httpcomponents/httpcore/4.4.13/httpcore-4.4.13.jar:/home/larisa/.m2/repository/commons-logging/commons-logging/1.2/commons-logging-1.2.jar:/home/larisa/.m2/repository/commons-codec/commons-codec/1.11/commons-codec-1.11.jar:/home/larisa/.m2/repository/org/apache/httpcomponents/httpmime/4.5.13/httpmime-4.5.13.jar:/home/larisa/.m2/repository/org/hamcrest/hamcrest/2.1/hamcrest-2.1.jar:/home/larisa/.m2/repository/org/ccil/cowan/tagsoup/tagsoup/1.2.1/tagsoup-1.2.1.jar:/home/larisa/.m2/repository/io/rest-assured/json-path/5.1.1/json-path-5.1.1.jar:/home/larisa/.m2/repository/org/apache/groovy/groovy-json/4.0.1/groovy-json-4.0.1.jar:/home/larisa/.m2/repository/io/rest-assured/rest-assured-common/5.1.1/rest-assured-common-5.1.1.jar:/home/larisa/.m2/repository/io/rest-assured/xml-path/5.1.1/xml-path-5.1.1.jar:/home/larisa/.m2/repository/org/apache/commons/commons-lang3/3.11/commons-lang3-3.11.jar:/home/larisa/.m2/repository/com/google/code/gson/gson/2.9.0/gson-2.9.0.jar:/home/larisa/.m2/repository/io/qameta/allure/allure-junit4/2.18.1/allure-junit4-2.18.1.jar:/home/larisa/.m2/repository/io/qameta/allure/allure-java-commons/2.18.1/allure-java-commons-2.18.1.jar:/home/larisa/.m2/repository/org/slf4j/slf4j-api/1.7.30/slf4j-api-1.7.30.jar:/home/larisa/.m2/repository/io/qameta/allure/allure-model/2.18.1/allure-model-2.18.1.jar:/home/larisa/.m2/repository/io/qameta/allure/allure-rest-assured/2.18.1/allure-rest-assured-2.18.1.jar:/home/larisa/.m2/repository/io/qameta/allure/allure-attachments/2.18.1/allure-attachments-2.18.1.jar:/home/larisa/.m2/repository/org/freemarker/freemarker/2.3.31/freemarker-2.3.31.jar:"/>
    <property name="allure.results.directory" value="/home/larisa/my_java/third_project/target/allure-results"/>
    <property name="sun.cpu.endian" value="little"/>
    <property name="user.home" value="/home/larisa"/>
    <property name="user.language" value="ru"/>
    <property name="java.specification.vendor" value="Oracle Corporation"/>
    <property name="java.version.date" value="2022-01-18"/>
    <property name="java.home" value="/home/larisa/.jdks/corretto-17.0.2"/>
    <property name="file.separator" value="/"/>
    <property name="basedir" value="/home/larisa/my_java/third_project"/>
    <property name="java.vm.compressedOopsMode" value="32-bit"/>
    <property name="line.separator" value="&#10;"/>
    <property name="java.specification.name" value="Java Platform API Specification"/>
    <property name="java.vm.specification.vendor" value="Oracle Corporation"/>
    <property name="surefire.real.class.path" value="/home/larisa/my_java/third_project/target/surefire/surefirebooter3256271112768820814.jar"/>
    <property name="sun.management.compiler" value="HotSpot 64-Bit Tiered Compilers"/>
    <property name="java.runtime.version" value="17.0.2+8-LTS"/>
    <property name="user.name" value="larisa"/>
    <property name="path.separator" value=":"/>
    <property name="os.version" value="5.15.0-40-generic"/>
    <property name="java.runtime.name" value="OpenJDK Runtime Environment"/>
    <property name="file.encoding" value="UTF-8"/>
    <property name="java.vm.name" value="OpenJDK 64-Bit Server VM"/>
    <property name="java.vendor.version" value="Corretto-17.0.2.8.1"/>
    <property name="localRepository" value="/home/larisa/.m2/repository"/>
    <property name="java.vendor.url.bug" value="https://github.com/corretto/corretto-17/issues/"/>
    <property name="java.io.tmpdir" value="/tmp"/>
    <property name="idea.version" value="2022.1.3"/>
    <property name="java.version" value="17.0.2"/>
    <property name="user.dir" value="/home/larisa/my_java/third_project"/>
    <property name="os.arch" value="amd64"/>
    <property name="java.vm.specification.name" value="Java Virtual Machine Specification"/>
    <property name="native.encoding" value="UTF-8"/>
    <property name="java.library.path" value="/usr/java/packages/lib:/usr/lib64:/lib64:/lib:/usr/lib"/>
    <property name="java.vm.info" value="mixed mode, sharing"/>
    <property name="java.vendor" value="Amazon.com Inc."/>
    <property name="java.vm.version" value="17.0.2+8-LTS"/>
    <property name="sun.io.unicode.encoding" value="UnicodeLittle"/>
    <property name="java.class.version" value="61.0"/>
  </properties>
  <testcase name="deleteCourierIdShouldReturnStatus_200_ok" classname="ru.yandex.sprint_3.TestCreateAndDeleteCourier" time="9.904"/>
  <testcase name="validCreateCourierShouldReturnStatus_201_ok" classname="ru.yandex.sprint_3.TestCreateAndDeleteCourier" time="0.33"/>
</testsuite>